{"/home/nikos/Desktop/projects/edutailors_test/src/App.js": {"path":"/home/nikos/Desktop/projects/edutailors_test/src/App.js","statementMap":{"0":{"start":{"line":7,"column":12},"end":{"line":15,"column":1}},"1":{"start":{"line":8,"column":23},"end":{"line":8,"column":38}},"2":{"start":{"line":10,"column":2},"end":{"line":12,"column":17}},"3":{"start":{"line":11,"column":4},"end":{"line":11,"column":40}},"4":{"start":{"line":14,"column":2},"end":{"line":14,"column":24}}},"fnMap":{"0":{"name":"(anonymous_0)","decl":{"start":{"line":7,"column":12},"end":{"line":7,"column":13}},"loc":{"start":{"line":7,"column":18},"end":{"line":15,"column":1}},"line":7},"1":{"name":"(anonymous_1)","decl":{"start":{"line":10,"column":12},"end":{"line":10,"column":13}},"loc":{"start":{"line":10,"column":18},"end":{"line":12,"column":3}},"line":10}},"branchMap":{},"s":{"0":1,"1":2,"2":2,"3":1,"4":2},"f":{"0":2,"1":1},"b":{},"_coverageSchema":"43e27e138ebf9cfc5966b082cf9a028302ed4184","hash":"55c704f5db77769b8f40f1936e7be92325f4eb41"}
,"/home/nikos/Desktop/projects/edutailors_test/src/index.js": {"path":"/home/nikos/Desktop/projects/edutailors_test/src/index.js","statementMap":{"0":{"start":{"line":7,"column":0},"end":{"line":12,"column":2}}},"fnMap":{},"branchMap":{"0":{"loc":{"start":{"line":11,"column":2},"end":{"line":11,"column":65}},"type":"binary-expr","locations":[{"start":{"line":11,"column":2},"end":{"line":11,"column":33}},{"start":{"line":11,"column":36},"end":{"line":11,"column":65}}],"line":11}},"s":{"0":1},"f":{},"b":{"0":[1,1]},"_coverageSchema":"43e27e138ebf9cfc5966b082cf9a028302ed4184","hash":"a935f7dd6e2cc0570f15c542419257c38525fce9"}
,"/home/nikos/Desktop/projects/edutailors_test/src/_data_/mockes.js": {"path":"/home/nikos/Desktop/projects/edutailors_test/src/_data_/mockes.js","statementMap":{"0":{"start":{"line":3,"column":24},"end":{"line":40,"column":1}}},"fnMap":{},"branchMap":{},"s":{"0":1},"f":{},"b":{},"_coverageSchema":"43e27e138ebf9cfc5966b082cf9a028302ed4184","hash":"993423dab2b081b4cf80596aaceba65e0cc7cf70"}
,"/home/nikos/Desktop/projects/edutailors_test/src/components/PlaceHolder.js": {"path":"/home/nikos/Desktop/projects/edutailors_test/src/components/PlaceHolder.js","statementMap":{"0":{"start":{"line":5,"column":16},"end":{"line":12,"column":1}},"1":{"start":{"line":14,"column":29},"end":{"line":17,"column":1}},"2":{"start":{"line":19,"column":34},"end":{"line":23,"column":1}},"3":{"start":{"line":25,"column":29},"end":{"line":29,"column":1}},"4":{"start":{"line":31,"column":25},"end":{"line":49,"column":1}},"5":{"start":{"line":45,"column":35},"end":{"line":45,"column":41}},"6":{"start":{"line":46,"column":28},"end":{"line":46,"column":34}},"7":{"start":{"line":47,"column":27},"end":{"line":47,"column":32}},"8":{"start":{"line":48,"column":36},"end":{"line":48,"column":42}},"9":{"start":{"line":51,"column":20},"end":{"line":68,"column":1}},"10":{"start":{"line":52,"column":2},"end":{"line":67,"column":25}},"11":{"start":{"line":56,"column":6},"end":{"line":64,"column":23}}},"fnMap":{"0":{"name":"(anonymous_0)","decl":{"start":{"line":45,"column":19},"end":{"line":45,"column":20}},"loc":{"start":{"line":45,"column":35},"end":{"line":45,"column":41}},"line":45},"1":{"name":"(anonymous_1)","decl":{"start":{"line":46,"column":12},"end":{"line":46,"column":13}},"loc":{"start":{"line":46,"column":28},"end":{"line":46,"column":34}},"line":46},"2":{"name":"(anonymous_2)","decl":{"start":{"line":47,"column":12},"end":{"line":47,"column":13}},"loc":{"start":{"line":47,"column":27},"end":{"line":47,"column":32}},"line":47},"3":{"name":"(anonymous_3)","decl":{"start":{"line":48,"column":20},"end":{"line":48,"column":21}},"loc":{"start":{"line":48,"column":36},"end":{"line":48,"column":42}},"line":48},"4":{"name":"(anonymous_4)","decl":{"start":{"line":51,"column":20},"end":{"line":51,"column":21}},"loc":{"start":{"line":52,"column":2},"end":{"line":67,"column":25}},"line":52},"5":{"name":"(anonymous_5)","decl":{"start":{"line":55,"column":35},"end":{"line":55,"column":36}},"loc":{"start":{"line":56,"column":6},"end":{"line":64,"column":23}},"line":56}},"branchMap":{},"s":{"0":2,"1":2,"2":2,"3":2,"4":2,"5":168,"6":168,"7":168,"8":168,"9":2,"10":28,"11":28},"f":{"0":168,"1":168,"2":168,"3":168,"4":28,"5":28},"b":{},"_coverageSchema":"43e27e138ebf9cfc5966b082cf9a028302ed4184","hash":"74f1a76d0554bb2ffc5a191c5c345ae1c6416992"}
,"/home/nikos/Desktop/projects/edutailors_test/src/components/Product.js": {"path":"/home/nikos/Desktop/projects/edutailors_test/src/components/Product.js","statementMap":{"0":{"start":{"line":19,"column":4},"end":{"line":19,"column":17}},"1":{"start":{"line":21,"column":16},"end":{"line":61,"column":1}},"2":{"start":{"line":22,"column":86},"end":{"line":22,"column":100}},"3":{"start":{"line":23,"column":23},"end":{"line":23,"column":38}},"4":{"start":{"line":25,"column":24},"end":{"line":36,"column":3}},"5":{"start":{"line":26,"column":28},"end":{"line":26,"column":41}},"6":{"start":{"line":28,"column":20},"end":{"line":33,"column":6}},"7":{"start":{"line":29,"column":6},"end":{"line":31,"column":7}},"8":{"start":{"line":30,"column":8},"end":{"line":30,"column":24}},"9":{"start":{"line":32,"column":6},"end":{"line":32,"column":20}},"10":{"start":{"line":35,"column":4},"end":{"line":35,"column":49}},"11":{"start":{"line":38,"column":2},"end":{"line":60,"column":3}},"12":{"start":{"line":43,"column":59},"end":{"line":43,"column":76}},"13":{"start":{"line":63,"column":0},"end":{"line":65,"column":2}}},"fnMap":{"0":{"name":"(anonymous_0)","decl":{"start":{"line":21,"column":16},"end":{"line":21,"column":17}},"loc":{"start":{"line":21,"column":55},"end":{"line":61,"column":1}},"line":21},"1":{"name":"(anonymous_1)","decl":{"start":{"line":25,"column":24},"end":{"line":25,"column":25}},"loc":{"start":{"line":25,"column":30},"end":{"line":36,"column":3}},"line":25},"2":{"name":"(anonymous_2)","decl":{"start":{"line":28,"column":40},"end":{"line":28,"column":41}},"loc":{"start":{"line":28,"column":51},"end":{"line":33,"column":5}},"line":28},"3":{"name":"(anonymous_3)","decl":{"start":{"line":43,"column":53},"end":{"line":43,"column":54}},"loc":{"start":{"line":43,"column":59},"end":{"line":43,"column":76}},"line":43}},"branchMap":{"0":{"loc":{"start":{"line":21,"column":35},"end":{"line":21,"column":48}},"type":"default-arg","locations":[{"start":{"line":21,"column":46},"end":{"line":21,"column":48}}],"line":21},"1":{"loc":{"start":{"line":29,"column":6},"end":{"line":31,"column":7}},"type":"if","locations":[{"start":{"line":29,"column":6},"end":{"line":31,"column":7}},{"start":{"line":29,"column":6},"end":{"line":31,"column":7}}],"line":29}},"s":{"0":2,"1":2,"2":3,"3":3,"4":3,"5":1,"6":1,"7":4,"8":1,"9":4,"10":1,"11":3,"12":1,"13":2},"f":{"0":3,"1":1,"2":4,"3":1},"b":{"0":[0],"1":[1,3]},"_coverageSchema":"43e27e138ebf9cfc5966b082cf9a028302ed4184","hash":"1dfe790346e786e9728642f2ad95d636d320d79a"}
,"/home/nikos/Desktop/projects/edutailors_test/src/components/ProductList.js": {"path":"/home/nikos/Desktop/projects/edutailors_test/src/components/ProductList.js","statementMap":{"0":{"start":{"line":7,"column":34},"end":{"line":7,"column":51}},"1":{"start":{"line":9,"column":20},"end":{"line":41,"column":1}},"2":{"start":{"line":10,"column":42},"end":{"line":10,"column":54}},"3":{"start":{"line":11,"column":34},"end":{"line":11,"column":48}},"4":{"start":{"line":12,"column":25},"end":{"line":12,"column":40}},"5":{"start":{"line":14,"column":2},"end":{"line":16,"column":17}},"6":{"start":{"line":15,"column":4},"end":{"line":15,"column":30}},"7":{"start":{"line":18,"column":2},"end":{"line":23,"column":9}},"8":{"start":{"line":20,"column":4},"end":{"line":22,"column":12}},"9":{"start":{"line":21,"column":6},"end":{"line":21,"column":25}},"10":{"start":{"line":25,"column":15},"end":{"line":27,"column":47}},"11":{"start":{"line":26,"column":4},"end":{"line":27,"column":46}},"12":{"start":{"line":29,"column":25},"end":{"line":31,"column":56}},"13":{"start":{"line":30,"column":4},"end":{"line":31,"column":56}},"14":{"start":{"line":31,"column":6},"end":{"line":31,"column":55}},"15":{"start":{"line":33,"column":2},"end":{"line":40,"column":3}}},"fnMap":{"0":{"name":"(anonymous_0)","decl":{"start":{"line":9,"column":20},"end":{"line":9,"column":21}},"loc":{"start":{"line":9,"column":26},"end":{"line":41,"column":1}},"line":9},"1":{"name":"(anonymous_1)","decl":{"start":{"line":14,"column":12},"end":{"line":14,"column":13}},"loc":{"start":{"line":14,"column":18},"end":{"line":16,"column":3}},"line":14},"2":{"name":"(anonymous_2)","decl":{"start":{"line":18,"column":12},"end":{"line":18,"column":13}},"loc":{"start":{"line":18,"column":18},"end":{"line":23,"column":3}},"line":18},"3":{"name":"(anonymous_3)","decl":{"start":{"line":20,"column":15},"end":{"line":20,"column":16}},"loc":{"start":{"line":20,"column":21},"end":{"line":22,"column":5}},"line":20},"4":{"name":"(anonymous_4)","decl":{"start":{"line":25,"column":32},"end":{"line":25,"column":33}},"loc":{"start":{"line":26,"column":4},"end":{"line":27,"column":46}},"line":26},"5":{"name":"(anonymous_5)","decl":{"start":{"line":29,"column":25},"end":{"line":29,"column":26}},"loc":{"start":{"line":30,"column":4},"end":{"line":31,"column":56}},"line":30},"6":{"name":"(anonymous_6)","decl":{"start":{"line":30,"column":34},"end":{"line":30,"column":35}},"loc":{"start":{"line":31,"column":6},"end":{"line":31,"column":55}},"line":31}},"branchMap":{"0":{"loc":{"start":{"line":38,"column":7},"end":{"line":38,"column":40}},"type":"cond-expr","locations":[{"start":{"line":38,"column":17},"end":{"line":38,"column":33}},{"start":{"line":38,"column":36},"end":{"line":38,"column":40}}],"line":38}},"s":{"0":2,"1":2,"2":7,"3":7,"4":7,"5":7,"6":4,"7":7,"8":3,"9":0,"10":7,"11":4,"12":7,"13":7,"14":28,"15":7},"f":{"0":7,"1":4,"2":3,"3":0,"4":4,"5":7,"6":28},"b":{"0":[7,0]},"_coverageSchema":"43e27e138ebf9cfc5966b082cf9a028302ed4184","hash":"b4af89827b50c2d4163afa93d540be3018e87354"}
,"/home/nikos/Desktop/projects/edutailors_test/src/components/index.js": {"path":"/home/nikos/Desktop/projects/edutailors_test/src/components/index.js","statementMap":{},"fnMap":{},"branchMap":{},"s":{},"f":{},"b":{},"_coverageSchema":"43e27e138ebf9cfc5966b082cf9a028302ed4184","hash":"a81c39437f8751dce2874ebf079a687a6709f1ce"}
,"/home/nikos/Desktop/projects/edutailors_test/src/functions/index.js": {"path":"/home/nikos/Desktop/projects/edutailors_test/src/functions/index.js","statementMap":{"0":{"start":{"line":1,"column":30},"end":{"line":1,"column":73}},"1":{"start":{"line":1,"column":36},"end":{"line":1,"column":73}}},"fnMap":{"0":{"name":"(anonymous_0)","decl":{"start":{"line":1,"column":30},"end":{"line":1,"column":31}},"loc":{"start":{"line":1,"column":36},"end":{"line":1,"column":73}},"line":1}},"branchMap":{},"s":{"0":1,"1":4},"f":{"0":4},"b":{},"_coverageSchema":"43e27e138ebf9cfc5966b082cf9a028302ed4184","hash":"07c7b5d6baec0480b859ec6d65cb3881fedf051e"}
,"/home/nikos/Desktop/projects/edutailors_test/src/provider/index.js": {"path":"/home/nikos/Desktop/projects/edutailors_test/src/provider/index.js","statementMap":{"0":{"start":{"line":3,"column":19},"end":{"line":3,"column":34}},"1":{"start":{"line":5,"column":29},"end":{"line":5,"column":57}},"2":{"start":{"line":5,"column":35},"end":{"line":5,"column":57}},"3":{"start":{"line":7,"column":28},"end":{"line":9,"column":1}},"4":{"start":{"line":11,"column":29},"end":{"line":15,"column":1}},"5":{"start":{"line":12,"column":2},"end":{"line":14,"column":24}}},"fnMap":{"0":{"name":"(anonymous_0)","decl":{"start":{"line":5,"column":29},"end":{"line":5,"column":30}},"loc":{"start":{"line":5,"column":35},"end":{"line":5,"column":57}},"line":5},"1":{"name":"(anonymous_1)","decl":{"start":{"line":11,"column":29},"end":{"line":11,"column":30}},"loc":{"start":{"line":12,"column":2},"end":{"line":14,"column":24}},"line":12}},"branchMap":{},"s":{"0":2,"1":2,"2":12,"3":2,"4":2,"5":7},"f":{"0":12,"1":7},"b":{},"_coverageSchema":"43e27e138ebf9cfc5966b082cf9a028302ed4184","hash":"3c0997e317a58b25ee6163ae8c3d1fb3ba854226"}
,"/home/nikos/Desktop/projects/edutailors_test/src/provider/reducers.js": {"path":"/home/nikos/Desktop/projects/edutailors_test/src/provider/reducers.js","statementMap":{"0":{"start":{"line":2,"column":2},"end":{"line":4,"column":4}},"1":{"start":{"line":7,"column":24},"end":{"line":8,"column":52}},"2":{"start":{"line":8,"column":2},"end":{"line":8,"column":52}},"3":{"start":{"line":8,"column":34},"end":{"line":8,"column":51}}},"fnMap":{"0":{"name":"(anonymous_0)","decl":{"start":{"line":1,"column":15},"end":{"line":1,"column":16}},"loc":{"start":{"line":1,"column":34},"end":{"line":5,"column":1}},"line":1},"1":{"name":"(anonymous_1)","decl":{"start":{"line":7,"column":24},"end":{"line":7,"column":25}},"loc":{"start":{"line":8,"column":2},"end":{"line":8,"column":52}},"line":8},"2":{"name":"(anonymous_2)","decl":{"start":{"line":8,"column":24},"end":{"line":8,"column":25}},"loc":{"start":{"line":8,"column":34},"end":{"line":8,"column":51}},"line":8}},"branchMap":{},"s":{"0":2,"1":2,"2":2,"3":8},"f":{"0":2,"1":2,"2":8},"b":{},"_coverageSchema":"43e27e138ebf9cfc5966b082cf9a028302ed4184","hash":"69eba8bf4e799e50817ab8704b5edc9ce69f3070"}
,"/home/nikos/Desktop/projects/edutailors_test/src/styled/ProductListStyled.js": {"path":"/home/nikos/Desktop/projects/edutailors_test/src/styled/ProductListStyled.js","statementMap":{"0":{"start":{"line":3,"column":22},"end":{"line":9,"column":1}},"1":{"start":{"line":11,"column":15},"end":{"line":20,"column":1}}},"fnMap":{},"branchMap":{},"s":{"0":2,"1":2},"f":{},"b":{},"_coverageSchema":"43e27e138ebf9cfc5966b082cf9a028302ed4184","hash":"32be9fc3d08c81784189f42013e63f888cf72911"}
,"/home/nikos/Desktop/projects/edutailors_test/src/styled/ProductStyled.js": {"path":"/home/nikos/Desktop/projects/edutailors_test/src/styled/ProductStyled.js","statementMap":{"0":{"start":{"line":3,"column":25},"end":{"line":7,"column":1}},"1":{"start":{"line":9,"column":23},"end":{"line":13,"column":1}},"2":{"start":{"line":15,"column":14},"end":{"line":19,"column":1}},"3":{"start":{"line":18,"column":40},"end":{"line":18,"column":43}},"4":{"start":{"line":21,"column":16},"end":{"line":25,"column":1}},"5":{"start":{"line":27,"column":14},"end":{"line":40,"column":1}},"6":{"start":{"line":42,"column":16},"end":{"line":46,"column":1}},"7":{"start":{"line":48,"column":18},"end":{"line":53,"column":1}},"8":{"start":{"line":55,"column":18},"end":{"line":64,"column":1}},"9":{"start":{"line":58,"column":40},"end":{"line":58,"column":43}},"10":{"start":{"line":66,"column":19},"end":{"line":69,"column":1}},"11":{"start":{"line":71,"column":13},"end":{"line":85,"column":1}},"12":{"start":{"line":87,"column":14},"end":{"line":90,"column":1}}},"fnMap":{"0":{"name":"(anonymous_0)","decl":{"start":{"line":18,"column":27},"end":{"line":18,"column":28}},"loc":{"start":{"line":18,"column":40},"end":{"line":18,"column":43}},"line":18},"1":{"name":"(anonymous_1)","decl":{"start":{"line":58,"column":27},"end":{"line":58,"column":28}},"loc":{"start":{"line":58,"column":40},"end":{"line":58,"column":43}},"line":58}},"branchMap":{},"s":{"0":2,"1":2,"2":2,"3":3,"4":2,"5":2,"6":2,"7":2,"8":2,"9":3,"10":2,"11":2,"12":2},"f":{"0":3,"1":3},"b":{},"_coverageSchema":"43e27e138ebf9cfc5966b082cf9a028302ed4184","hash":"61e9de2efede6dfdabaf0fb0171250d3d083fac5"}
,"/home/nikos/Desktop/projects/edutailors_test/src/styled/index.js": {"path":"/home/nikos/Desktop/projects/edutailors_test/src/styled/index.js","statementMap":{},"fnMap":{},"branchMap":{},"s":{},"f":{},"b":{},"_coverageSchema":"43e27e138ebf9cfc5966b082cf9a028302ed4184","hash":"45f0eb10e84c23fdc063bdba3e104ef305b921e1"}
}
