TN:
SF:/home/nikos/Desktop/projects/edutailors_test/src/App.js
FN:7,(anonymous_0)
FN:10,(anonymous_1)
FNF:2
FNH:2
FNDA:2,(anonymous_0)
FNDA:1,(anonymous_1)
DA:7,1
DA:8,2
DA:10,2
DA:11,1
DA:14,2
LF:5
LH:5
BRF:0
BRH:0
end_of_record
TN:
SF:/home/nikos/Desktop/projects/edutailors_test/src/index.js
FNF:0
FNH:0
DA:7,1
LF:1
LH:1
BRDA:11,0,0,1
BRDA:11,0,1,1
BRF:2
BRH:2
end_of_record
TN:
SF:/home/nikos/Desktop/projects/edutailors_test/src/_data_/mockes.js
FNF:0
FNH:0
DA:3,1
LF:1
LH:1
BRF:0
BRH:0
end_of_record
TN:
SF:/home/nikos/Desktop/projects/edutailors_test/src/components/PlaceHolder.js
FN:45,(anonymous_0)
FN:46,(anonymous_1)
FN:47,(anonymous_2)
FN:48,(anonymous_3)
FN:51,(anonymous_4)
FN:55,(anonymous_5)
FNF:6
FNH:6
FNDA:168,(anonymous_0)
FNDA:168,(anonymous_1)
FNDA:168,(anonymous_2)
FNDA:168,(anonymous_3)
FNDA:28,(anonymous_4)
FNDA:28,(anonymous_5)
DA:5,2
DA:14,2
DA:19,2
DA:25,2
DA:31,2
DA:45,168
DA:46,168
DA:47,168
DA:48,168
DA:51,2
DA:52,28
DA:56,28
LF:12
LH:12
BRF:0
BRH:0
end_of_record
TN:
SF:/home/nikos/Desktop/projects/edutailors_test/src/components/Product.js
FN:21,(anonymous_0)
FN:25,(anonymous_1)
FN:28,(anonymous_2)
FN:43,(anonymous_3)
FNF:4
FNH:4
FNDA:3,(anonymous_0)
FNDA:1,(anonymous_1)
FNDA:4,(anonymous_2)
FNDA:1,(anonymous_3)
DA:19,2
DA:21,2
DA:22,3
DA:23,3
DA:25,3
DA:26,1
DA:28,1
DA:29,4
DA:30,1
DA:32,4
DA:35,1
DA:38,3
DA:43,1
DA:63,2
LF:14
LH:14
BRDA:21,0,0,0
BRDA:29,1,0,1
BRDA:29,1,1,3
BRF:3
BRH:2
end_of_record
TN:
SF:/home/nikos/Desktop/projects/edutailors_test/src/components/ProductList.js
FN:9,(anonymous_0)
FN:14,(anonymous_1)
FN:18,(anonymous_2)
FN:20,(anonymous_3)
FN:25,(anonymous_4)
FN:29,(anonymous_5)
FN:30,(anonymous_6)
FNF:7
FNH:6
FNDA:7,(anonymous_0)
FNDA:4,(anonymous_1)
FNDA:3,(anonymous_2)
FNDA:0,(anonymous_3)
FNDA:4,(anonymous_4)
FNDA:7,(anonymous_5)
FNDA:28,(anonymous_6)
DA:7,2
DA:9,2
DA:10,7
DA:11,7
DA:12,7
DA:14,7
DA:15,4
DA:18,7
DA:20,3
DA:21,0
DA:25,7
DA:26,4
DA:29,7
DA:30,7
DA:31,28
DA:33,7
LF:16
LH:15
BRDA:38,0,0,7
BRDA:38,0,1,0
BRF:2
BRH:1
end_of_record
TN:
SF:/home/nikos/Desktop/projects/edutailors_test/src/components/index.js
FNF:0
FNH:0
LF:0
LH:0
BRF:0
BRH:0
end_of_record
TN:
SF:/home/nikos/Desktop/projects/edutailors_test/src/functions/index.js
FN:1,(anonymous_0)
FNF:1
FNH:1
FNDA:4,(anonymous_0)
DA:1,4
LF:1
LH:1
BRF:0
BRH:0
end_of_record
TN:
SF:/home/nikos/Desktop/projects/edutailors_test/src/provider/index.js
FN:5,(anonymous_0)
FN:11,(anonymous_1)
FNF:2
FNH:2
FNDA:12,(anonymous_0)
FNDA:7,(anonymous_1)
DA:3,2
DA:5,12
DA:7,2
DA:11,2
DA:12,7
LF:5
LH:5
BRF:0
BRH:0
end_of_record
TN:
SF:/home/nikos/Desktop/projects/edutailors_test/src/provider/reducers.js
FN:1,(anonymous_0)
FN:7,(anonymous_1)
FN:8,(anonymous_2)
FNF:3
FNH:3
FNDA:2,(anonymous_0)
FNDA:2,(anonymous_1)
FNDA:8,(anonymous_2)
DA:2,2
DA:7,2
DA:8,8
LF:3
LH:3
BRF:0
BRH:0
end_of_record
TN:
SF:/home/nikos/Desktop/projects/edutailors_test/src/styled/ProductListStyled.js
FNF:0
FNH:0
DA:3,2
DA:11,2
LF:2
LH:2
BRF:0
BRH:0
end_of_record
TN:
SF:/home/nikos/Desktop/projects/edutailors_test/src/styled/ProductStyled.js
FN:18,(anonymous_0)
FN:58,(anonymous_1)
FNF:2
FNH:2
FNDA:3,(anonymous_0)
FNDA:3,(anonymous_1)
DA:3,2
DA:9,2
DA:15,2
DA:18,3
DA:21,2
DA:27,2
DA:42,2
DA:48,2
DA:55,2
DA:58,3
DA:66,2
DA:71,2
DA:87,2
LF:13
LH:13
BRF:0
BRH:0
end_of_record
TN:
SF:/home/nikos/Desktop/projects/edutailors_test/src/styled/index.js
FNF:0
FNH:0
LF:0
LH:0
BRF:0
BRH:0
end_of_record
